[0604/200940.289:ERROR:process_memory_win.cc(73)] ReadMemory at 0x13f180000 of 64 bytes failed: Only part of a ReadProcessMemory or WriteProcessMemory request was completed. (0x12B)
[0604/200940.540:WARNING:pe_image_reader.cc(340)] could not read dos header from C:\Program Files (x86)\Google\Chrome\Application\chrome.exe
[0604/200940.541:ERROR:process_memory_win.cc(73)] ReadMemory at 0x77620000 of 64 bytes failed: Only part of a ReadProcessMemory or WriteProcessMemory request was completed. (0x12B)
[0604/200940.541:WARNING:pe_image_reader.cc(340)] could not read dos header from C:\Windows\SYSTEM32\ntdll.dll
[0604/200940.541:ERROR:process_memory_win.cc(73)] ReadMemory at 0x77500000 of 64 bytes failed: Only part of a ReadProcessMemory or WriteProcessMemory request was completed. (0x12B)
[0604/200940.541:WARNING:pe_image_reader.cc(340)] could not read dos header from C:\Windows\system32\KERNEL32.dll
[0604/200940.541:ERROR:process_memory_win.cc(73)] ReadMemory at 0x7fefd2a0000 of 64 bytes failed: Only part of a ReadProcessMemory or WriteProcessMemory request was completed. (0x12B)
[0604/200940.541:WARNING:pe_image_reader.cc(340)] could not read dos header from C:\Windows\system32\KERNELBASE.dll
[0604/200940.542:ERROR:process_memory_win.cc(73)] ReadMemory at 0x7fee7660000 of 64 bytes failed: Only part of a ReadProcessMemory or WriteProcessMemory request was completed. (0x12B)
[0604/200940.542:WARNING:pe_image_reader.cc(340)] could not read dos header from C:\Program Files (x86)\Google\Chrome\Application\74.0.3729.169\chrome_elf.dll
[0604/200940.542:ERROR:process_memory_win.cc(73)] ReadMemory at 0x7fefc1e0000 of 64 bytes failed: Only part of a ReadProcessMemory or WriteProcessMemory request was completed. (0x12B)
[0604/200940.542:WARNING:pe_image_reader.cc(340)] could not read dos header from C:\Windows\system32\VERSION.dll
[0604/200940.542:ERROR:process_memory_win.cc(73)] ReadMemory at 0x7feff300000 of 64 bytes failed: Only part of a ReadProcessMemory or WriteProcessMemory request was completed. (0x12B)
[0604/200940.542:WARNING:pe_image_reader.cc(340)] could not read dos header from C:\Windows\system32\msvcrt.dll
[0604/200940.542:ERROR:process_memory_win.cc(73)] ReadMemory at 0x7fefdaf0000 of 64 bytes failed: Only part of a ReadProcessMemory or WriteProcessMemory request was completed. (0x12B)
[0604/200940.542:WARNING:pe_image_reader.cc(340)] could not read dos header from C:\Windows\system32\SHELL32.dll
[0604/200940.542:ERROR:process_memory_win.cc(73)] ReadMemory at 0x7feff600000 of 64 bytes failed: Only part of a ReadProcessMemory or WriteProcessMemory request was completed. (0x12B)
[0604/200940.542:WARNING:pe_image_reader.cc(340)] could not read dos header from C:\Windows\system32\SHLWAPI.dll
[0604/200940.543:ERROR:process_memory_win.cc(73)] ReadMemory at 0x7fefeab0000 of 64 bytes failed: Only part of a ReadProcessMemory or WriteProcessMemory request was completed. (0x12B)
[0604/200940.543:WARNING:pe_image_reader.cc(340)] could not read dos header from C:\Windows\system32\GDI32.dll
[0604/200940.544:ERROR:process_memory_win.cc(73)] ReadMemory at 0x77400000 of 64 bytes failed: Only part of a ReadProcessMemory or WriteProcessMemory request was completed. (0x12B)
[0604/200940.544:WARNING:pe_image_reader.cc(340)] could not read dos header from C:\Windows\system32\USER32.dll
[0604/200940.544:ERROR:process_memory_win.cc(73)] ReadMemory at 0x7feff6f0000 of 64 bytes failed: Only part of a ReadProcessMemory or WriteProcessMemory request was completed. (0x12B)
[0604/200940.544:WARNING:pe_image_reader.cc(340)] could not read dos header from C:\Windows\system32\LPK.dll
[0604/200940.544:ERROR:process_memory_win.cc(73)] ReadMemory at 0x7feff3a0000 of 64 bytes failed: Only part of a ReadProcessMemory or WriteProcessMemory request was completed. (0x12B)
[0604/200940.544:WARNING:pe_image_reader.cc(340)] could not read dos header from C:\Windows\system32\USP10.dll
[0604/200940.545:ERROR:process_memory_win.cc(73)] ReadMemory at 0x7fefed00000 of 64 bytes failed: Only part of a ReadProcessMemory or WriteProcessMemory request was completed. (0x12B)
[0604/200940.545:WARNING:pe_image_reader.cc(340)] could not read dos header from C:\Windows\system32\ADVAPI32.dll
[0604/200940.545:ERROR:process_memory_win.cc(73)] ReadMemory at 0x7feff810000 of 64 bytes failed: Only part of a ReadProcessMemory or WriteProcessMemory request was completed. (0x12B)
[0604/200940.545:WARNING:pe_image_reader.cc(340)] could not read dos header from C:\Windows\SYSTEM32\sechost.dll
[0604/200940.545:ERROR:process_memory_win.cc(73)] ReadMemory at 0x7fefd830000 of 64 bytes failed: Only part of a ReadProcessMemory or WriteProcessMemory request was completed. (0x12B)
[0604/200940.545:WARNING:pe_image_reader.cc(340)] could not read dos header from C:\Windows\system32\RPCRT4.dll
[0604/200940.545:ERROR:process_memory_win.cc(73)] ReadMemory at 0x7fef6a40000 of 64 bytes failed: Only part of a ReadProcessMemory or WriteProcessMemory request was completed. (0x12B)
[0604/200940.545:WARNING:pe_image_reader.cc(340)] could not read dos header from C:\Windows\system32\WINMM.dll
[0604/200940.546:ERROR:process_memory_win.cc(73)] ReadMemory at 0x7fefd280000 of 64 bytes failed: Only part of a ReadProcessMemory or WriteProcessMemory request was completed. (0x12B)
[0604/200940.546:WARNING:pe_image_reader.cc(340)] could not read dos header from C:\Windows\system32\USERENV.dll
[0604/200940.546:ERROR:process_memory_win.cc(73)] ReadMemory at 0x7fefd100000 of 64 bytes failed: Only part of a ReadProcessMemory or WriteProcessMemory request was completed. (0x12B)
[0604/200940.546:WARNING:pe_image_reader.cc(340)] could not read dos header from C:\Windows\system32\profapi.dll
[0604/200940.546:ERROR:process_memory_win.cc(73)] ReadMemory at 0x7fef8dd0000 of 64 bytes failed: Only part of a ReadProcessMemory or WriteProcessMemory request was completed. (0x12B)
[0604/200940.546:WARNING:pe_image_reader.cc(340)] could not read dos header from C:\Windows\system32\api-ms-win-core-synch-l1-2-0.DLL
[0604/200940.546:ERROR:process_memory_win.cc(73)] ReadMemory at 0x7fefe880000 of 64 bytes failed: Only part of a ReadProcessMemory or WriteProcessMemory request was completed. (0x12B)
[0604/200940.546:WARNING:pe_image_reader.cc(340)] could not read dos header from C:\Windows\system32\IMM32.DLL
[0604/200940.546:ERROR:process_memory_win.cc(73)] ReadMemory at 0x7feff700000 of 64 bytes failed: Only part of a ReadProcessMemory or WriteProcessMemory request was completed. (0x12B)
[0604/200940.546:WARNING:pe_image_reader.cc(340)] could not read dos header from C:\Windows\system32\MSCTF.dll
[0604/200940.547:ERROR:process_memory_win.cc(73)] ReadMemory at 0x7fed40a0000 of 64 bytes failed: Only part of a ReadProcessMemory or WriteProcessMemory request was completed. (0x12B)
[0604/200940.547:WARNING:pe_image_reader.cc(340)] could not read dos header from C:\Program Files (x86)\Google\Chrome\Application\74.0.3729.169\chrome_child.dll
[0604/200940.547:ERROR:process_memory_win.cc(73)] ReadMemory at 0x7feff6a0000 of 64 bytes failed: Only part of a ReadProcessMemory or WriteProcessMemory request was completed. (0x12B)
[0604/200940.547:WARNING:pe_image_reader.cc(340)] could not read dos header from C:\Windows\system32\WS2_32.dll
[0604/200940.547:ERROR:process_memory_win.cc(73)] ReadMemory at 0x7fefd9c0000 of 64 bytes failed: Only part of a ReadProcessMemory or WriteProcessMemory request was completed. (0x12B)
[0604/200940.548:WARNING:pe_image_reader.cc(340)] could not read dos header from C:\Windows\system32\NSI.dll
[0604/200940.548:ERROR:process_memory_win.cc(73)] ReadMemory at 0x7fefab60000 of 64 bytes failed: Only part of a ReadProcessMemory or WriteProcessMemory request was completed. (0x12B)
[0604/200940.548:WARNING:pe_image_reader.cc(340)] could not read dos header from C:\Windows\system32\IPHLPAPI.DLL
[0604/200940.548:ERROR:process_memory_win.cc(73)] ReadMemory at 0x7fefab50000 of 64 bytes failed: Only part of a ReadProcessMemory or WriteProcessMemory request was completed. (0x12B)
[0604/200940.548:WARNING:pe_image_reader.cc(340)] could not read dos header from C:\Windows\system32\WINNSI.DLL
[0604/200940.548:ERROR:process_memory_win.cc(73)] ReadMemory at 0x7fefe8b0000 of 64 bytes failed: Only part of a ReadProcessMemory or WriteProcessMemory request was completed. (0x12B)
[0604/200940.549:WARNING:pe_image_reader.cc(340)] could not read dos header from C:\Windows\system32\ole32.dll
[0604/200940.549:ERROR:process_memory_win.cc(73)] ReadMemory at 0x7feff830000 of 64 bytes failed: Only part of a ReadProcessMemory or WriteProcessMemory request was completed. (0x12B)
[0604/200940.549:WARNING:pe_image_reader.cc(340)] could not read dos header from C:\Windows\system32\OLEAUT32.dll
[0604/200940.549:ERROR:process_memory_win.cc(73)] ReadMemory at 0x7fef6320000 of 64 bytes failed: Only part of a ReadProcessMemory or WriteProcessMemory request was completed. (0x12B)
[0604/200940.549:WARNING:pe_image_reader.cc(340)] could not read dos header from C:\Windows\system32\OLEACC.dll
[0604/200940.549:ERROR:process_memory_win.cc(73)] ReadMemory at 0x7feef2d0000 of 64 bytes failed: Only part of a ReadProcessMemory or WriteProcessMemory request was completed. (0x12B)
[0604/200940.549:WARNING:pe_image_reader.cc(340)] could not read dos header from C:\Windows\system32\UIAutomationCore.DLL
[0604/200940.549:ERROR:process_memory_win.cc(73)] ReadMemory at 0x777d0000 of 64 bytes failed: Only part of a ReadProcessMemory or WriteProcessMemory request was completed. (0x12B)
[0604/200940.549:WARNING:pe_image_reader.cc(340)] could not read dos header from C:\Windows\system32\PSAPI.DLL
[0604/200940.550:ERROR:process_memory_win.cc(73)] ReadMemory at 0x7fefc1c0000 of 64 bytes failed: Only part of a ReadProcessMemory or WriteProcessMemory request was completed. (0x12B)
[0604/200940.550:WARNING:pe_image_reader.cc(340)] could not read dos header from C:\Windows\system32\WTSAPI32.dll
[0604/200940.550:ERROR:process_memory_win.cc(73)] ReadMemory at 0x7fefd120000 of 64 bytes failed: Only part of a ReadProcessMemory or WriteProcessMemory request was completed. (0x12B)
[0604/200940.550:WARNING:pe_image_reader.cc(340)] could not read dos header from C:\Windows\system32\WINTRUST.dll
[0604/200940.550:ERROR:process_memory_win.cc(73)] ReadMemory at 0x7fefd350000 of 64 bytes failed: Only part of a ReadProcessMemory or WriteProcessMemory request was completed. (0x12B)
[0604/200940.550:WARNING:pe_image_reader.cc(340)] could not read dos header from C:\Windows\system32\CRYPT32.dll
[0604/200940.550:ERROR:process_memory_win.cc(73)] ReadMemory at 0x7fefd110000 of 64 bytes failed: Only part of a ReadProcessMemory or WriteProcessMemory request was completed. (0x12B)
[0604/200940.550:WARNING:pe_image_reader.cc(340)] could not read dos header from C:\Windows\system32\MSASN1.dll
[0604/200940.550:ERROR:process_memory_win.cc(73)] ReadMemory at 0x7feeeed0000 of 64 bytes failed: Only part of a ReadProcessMemory or WriteProcessMemory request was completed. (0x12B)
[0604/200940.550:WARNING:pe_image_reader.cc(340)] could not read dos header from C:\Windows\system32\DWrite.dll
[0604/200940.551:ERROR:process_memory_win.cc(73)] ReadMemory at 0x7fef9af0000 of 64 bytes failed: Only part of a ReadProcessMemory or WriteProcessMemory request was completed. (0x12B)
[0604/200940.551:WARNING:pe_image_reader.cc(340)] could not read dos header from C:\Windows\system32\dxgi.dll
[0604/200940.551:ERROR:process_memory_win.cc(73)] ReadMemory at 0x7fefb430000 of 64 bytes failed: Only part of a ReadProcessMemory or WriteProcessMemory request was completed. (0x12B)
[0604/200940.551:WARNING:pe_image_reader.cc(340)] could not read dos header from C:\Windows\system32\dwmapi.dll
[0604/200940.551:ERROR:process_memory_win.cc(73)] ReadMemory at 0x7fef4f80000 of 64 bytes failed: Only part of a ReadProcessMemory or WriteProcessMemory request was completed. (0x12B)
[0604/200940.551:WARNING:pe_image_reader.cc(340)] could not read dos header from C:\Windows\system32\WINSPOOL.DRV
[0604/200940.551:ERROR:process_memory_win.cc(73)] ReadMemory at 0x7fef8870000 of 64 bytes failed: Only part of a ReadProcessMemory or WriteProcessMemory request was completed. (0x12B)
[0604/200940.551:WARNING:pe_image_reader.cc(340)] could not read dos header from C:\Windows\system32\dbghelp.dll
[0604/200940.551:ERROR:process_memory_win.cc(73)] ReadMemory at 0x7fefd9d0000 of 64 bytes failed: Only part of a ReadProcessMemory or WriteProcessMemory request was completed. (0x12B)
[0604/200940.551:WARNING:pe_image_reader.cc(340)] could not read dos header from C:\Windows\system32\COMDLG32.dll
[0604/200940.552:ERROR:process_memory_win.cc(73)] ReadMemory at 0x7fefbca0000 of 64 bytes failed: Only part of a ReadProcessMemory or WriteProcessMemory request was completed. (0x12B)
[0604/200940.552:WARNING:pe_image_reader.cc(340)] could not read dos header from C:\Windows\WinSxS\amd64_microsoft.windows.common-controls_6595b64144ccf1df_6.0.7601.24440_none_e36f1bbf30ff0606\COMCTL32.dll
[0604/200940.552:ERROR:process_memory_win.cc(73)] ReadMemory at 0x7fef9230000 of 64 bytes failed: Only part of a ReadProcessMemory or WriteProcessMemory request was completed. (0x12B)
[0604/200940.552:WARNING:pe_image_reader.cc(340)] could not read dos header from C:\Windows\system32\WINHTTP.dll
[0604/200940.552:ERROR:process_memory_win.cc(73)] ReadMemory at 0x7fef91c0000 of 64 bytes failed: Only part of a ReadProcessMemory or WriteProcessMemory request was completed. (0x12B)
[0604/200940.552:WARNING:pe_image_reader.cc(340)] could not read dos header from C:\Windows\system32\webio.dll
[0604/200940.552:ERROR:process_memory_win.cc(73)] ReadMemory at 0x7feff470000 of 64 bytes failed: Only part of a ReadProcessMemory or WriteProcessMemory request was completed. (0x12B)
[0604/200940.552:WARNING:pe_image_reader.cc(340)] could not read dos header from C:\Windows\system32\urlmon.dll
[0604/200940.552:ERROR:process_memory_win.cc(73)] ReadMemory at 0x7fefd1c0000 of 64 bytes failed: Only part of a ReadProcessMemory or WriteProcessMemory request was completed. (0x12B)
[0604/200940.552:WARNING:pe_image_reader.cc(340)] could not read dos header from C:\Windows\system32\api-ms-win-downlevel-ole32-l1-1-0.dll
[0604/200940.553:ERROR:process_memory_win.cc(73)] ReadMemory at 0x7fefd1a0000 of 64 bytes failed: Only part of a ReadProcessMemory or WriteProcessMemory request was completed. (0x12B)
[0604/200940.553:WARNING:pe_image_reader.cc(340)] could not read dos header from C:\Windows\system32\api-ms-win-downlevel-shlwapi-l1-1-0.dll
[0604/200940.553:ERROR:process_memory_win.cc(73)] ReadMemory at 0x7fefd310000 of 64 bytes failed: Only part of a ReadProcessMemory or WriteProcessMemory request was completed. (0x12B)
[0604/200940.553:WARNING:pe_image_reader.cc(340)] could not read dos header from C:\Windows\system32\api-ms-win-downlevel-advapi32-l1-1-0.dll
[0604/200940.553:ERROR:process_memory_win.cc(73)] ReadMemory at 0x7fefd1b0000 of 64 bytes failed: Only part of a ReadProcessMemory or WriteProcessMemory request was completed. (0x12B)
[0604/200940.553:WARNING:pe_image_reader.cc(340)] could not read dos header from C:\Windows\system32\api-ms-win-downlevel-user32-l1-1-0.dll
[0604/200940.554:ERROR:process_memory_win.cc(73)] ReadMemory at 0x7fefd320000 of 64 bytes failed: Only part of a ReadProcessMemory or WriteProcessMemory request was completed. (0x12B)
[0604/200940.554:WARNING:pe_image_reader.cc(340)] could not read dos header from C:\Windows\system32\api-ms-win-downlevel-version-l1-1-0.dll
[0604/200940.554:ERROR:process_memory_win.cc(73)] ReadMemory at 0x7fefd270000 of 64 bytes failed: Only part of a ReadProcessMemory or WriteProcessMemory request was completed. (0x12B)
[0604/200940.554:WARNING:pe_image_reader.cc(340)] could not read dos header from C:\Windows\system32\api-ms-win-downlevel-normaliz-l1-1-0.dll
[0604/200940.554:ERROR:process_memory_win.cc(73)] ReadMemory at 0x400000 of 64 bytes failed: Only part of a ReadProcessMemory or WriteProcessMemory request was completed. (0x12B)
[0604/200940.554:WARNING:pe_image_reader.cc(340)] could not read dos header from C:\Windows\system32\normaliz.DLL
[0604/200940.555:ERROR:process_memory_win.cc(73)] ReadMemory at 0x7fefd4c0000 of 64 bytes failed: Only part of a ReadProcessMemory or WriteProcessMemory request was completed. (0x12B)
[0604/200940.555:WARNING:pe_image_reader.cc(340)] could not read dos header from C:\Windows\system32\iertutil.dll
[0604/200940.650:ERROR:process_memory_win.cc(73)] ReadMemory at 0x7fefede0000 of 64 bytes failed: Only part of a ReadProcessMemory or WriteProcessMemory request was completed. (0x12B)
[0604/200940.650:WARNING:pe_image_reader.cc(340)] could not read dos header from C:\Windows\system32\WININET.dll
[0604/200940.650:ERROR:process_memory_win.cc(73)] ReadMemory at 0x7fefce90000 of 64 bytes failed: Only part of a ReadProcessMemory or WriteProcessMemory request was completed. (0x12B)
[0604/200940.650:WARNING:pe_image_reader.cc(340)] could not read dos header from C:\Windows\system32\Secur32.dll
[0604/200940.650:ERROR:process_memory_win.cc(73)] ReadMemory at 0x7fefced0000 of 64 bytes failed: Only part of a ReadProcessMemory or WriteProcessMemory request was completed. (0x12B)
[0604/200940.650:WARNING:pe_image_reader.cc(340)] could not read dos header from C:\Windows\system32\SSPICLI.DLL
[0604/200940.651:ERROR:process_memory_win.cc(73)] ReadMemory at 0x7fefa920000 of 64 bytes failed: Only part of a ReadProcessMemory or WriteProcessMemory request was completed. (0x12B)
[0604/200940.651:WARNING:pe_image_reader.cc(340)] could not read dos header from C:\Windows\system32\dhcpcsvc.DLL
[0604/200940.651:ERROR:process_memory_win.cc(73)] ReadMemory at 0x7fefcf60000 of 64 bytes failed: Only part of a ReadProcessMemory or WriteProcessMemory request was completed. (0x12B)
[0604/200940.651:WARNING:pe_image_reader.cc(340)] could not read dos header from C:\Windows\system32\cryptbase.dll
[0604/200940.867:ERROR:process_memory_win.cc(73)] ReadMemory at 0x34d000 of 77824 bytes failed: Only part of a ReadProcessMemory or WriteProcessMemory request was completed. (0x12B)
[0604/200940.899:ERROR:process_memory_win.cc(73)] ReadMemory at 0x2eed000 of 12288 bytes failed: Only part of a ReadProcessMemory or WriteProcessMemory request was completed. (0x12B)
[0604/200940.900:ERROR:process_memory_win.cc(73)] ReadMemory at 0x321d000 of 12288 bytes failed: Only part of a ReadProcessMemory or WriteProcessMemory request was completed. (0x12B)
[0604/200940.900:ERROR:process_memory_win.cc(73)] ReadMemory at 0x341d000 of 12288 bytes failed: Only part of a ReadProcessMemory or WriteProcessMemory request was completed. (0x12B)
[0604/200940.900:ERROR:process_memory_win.cc(73)] ReadMemory at 0x366d000 of 12288 bytes failed: Only part of a ReadProcessMemory or WriteProcessMemory request was completed. (0x12B)
[0604/200940.900:ERROR:process_memory_win.cc(73)] ReadMemory at 0x397f000 of 4096 bytes failed: Only part of a ReadProcessMemory or WriteProcessMemory request was completed. (0x12B)
[0604/200940.901:ERROR:process_memory_win.cc(73)] ReadMemory at 0x3bee000 of 8192 bytes failed: Only part of a ReadProcessMemory or WriteProcessMemory request was completed. (0x12B)
[0604/200940.901:ERROR:process_memory_win.cc(73)] ReadMemory at 0x3ebd000 of 12288 bytes failed: Only part of a ReadProcessMemory or WriteProcessMemory request was completed. (0x12B)
[0604/200940.902:ERROR:process_memory_win.cc(73)] ReadMemory at 0x40ee000 of 8192 bytes failed: Only part of a ReadProcessMemory or WriteProcessMemory request was completed. (0x12B)
[0604/200940.902:ERROR:process_memory_win.cc(73)] ReadMemory at 0x36039f of 512 bytes failed: Only part of a ReadProcessMemory or WriteProcessMemory request was completed. (0x12B)
[0604/200940.954:ERROR:process_memory_win.cc(73)] ReadMemory at 0x441320 of 14884 bytes failed: Only part of a ReadProcessMemory or WriteProcessMemory request was completed. (0x12B)
[0604/200940.954:ERROR:process_memory_win.cc(73)] ReadMemory at 0x444d50 of 1012 bytes failed: Only part of a ReadProcessMemory or WriteProcessMemory request was completed. (0x12B)
[0604/200940.955:ERROR:process_memory_win.cc(73)] ReadMemory at 0x445358 of 1134 bytes failed: Only part of a ReadProcessMemory or WriteProcessMemory request was completed. (0x12B)
[0604/200940.955:ERROR:process_memory_win.cc(73)] ReadMemory at 0x4457c8 of 118 bytes failed: Only part of a ReadProcessMemory or WriteProcessMemory request was completed. (0x12B)
[0604/200940.993:ERROR:process_memory_win.cc(73)] ReadMemory at 0x445840 of 882 bytes failed: Only part of a ReadProcessMemory or WriteProcessMemory request was completed. (0x12B)
[0604/200940.994:ERROR:process_memory_win.cc(73)] ReadMemory at 0x445bb4 of 118 bytes failed: Only part of a ReadProcessMemory or WriteProcessMemory request was completed. (0x12B)
[0604/200940.994:ERROR:process_memory_win.cc(73)] ReadMemory at 0x445c2c of 94 bytes failed: Only part of a ReadProcessMemory or WriteProcessMemory request was completed. (0x12B)
[0604/200940.994:ERROR:process_memory_win.cc(73)] ReadMemory at 0x445ca0 of 58 bytes failed: Only part of a ReadProcessMemory or WriteProcessMemory request was completed. (0x12B)
[0604/200940.994:ERROR:process_memory_win.cc(73)] ReadMemory at 0x445d30 of 132 bytes failed: Only part of a ReadProcessMemory or WriteProcessMemory request was completed. (0x12B)
[0604/200940.995:ERROR:process_memory_win.cc(73)] ReadMemory at 0x445e20 of 132 bytes failed: Only part of a ReadProcessMemory or WriteProcessMemory request was completed. (0x12B)
[0604/200940.995:ERROR:process_memory_win.cc(73)] ReadMemory at 0x445f38 of 126 bytes failed: Only part of a ReadProcessMemory or WriteProcessMemory request was completed. (0x12B)
[0604/200940.995:ERROR:process_memory_win.cc(73)] ReadMemory at 0x446220 of 132 bytes failed: Only part of a ReadProcessMemory or WriteProcessMemory request was completed. (0x12B)
[0604/200940.995:ERROR:process_memory_win.cc(73)] ReadMemory at 0x446310 of 132 bytes failed: Only part of a ReadProcessMemory or WriteProcessMemory request was completed. (0x12B)
[0604/200941.020:ERROR:process_memory_win.cc(73)] ReadMemory at 0x4465e0 of 64 bytes failed: Only part of a ReadProcessMemory or WriteProcessMemory request was completed. (0x12B)
[0604/200941.020:ERROR:process_memory_win.cc(73)] ReadMemory at 0x446660 of 68 bytes failed: Only part of a ReadProcessMemory or WriteProcessMemory request was completed. (0x12B)
[0604/200941.022:ERROR:process_memory_win.cc(73)] ReadMemory at 0x46cb00 of 54 bytes failed: Only part of a ReadProcessMemory or WriteProcessMemory request was completed. (0x12B)
[0604/200941.022:ERROR:process_memory_win.cc(73)] ReadMemory at 0x470910 of 62 bytes failed: Only part of a ReadProcessMemory or WriteProcessMemory request was completed. (0x12B)
[0604/200941.023:ERROR:process_memory_win.cc(73)] ReadMemory at 0x470960 of 60 bytes failed: Only part of a ReadProcessMemory or WriteProcessMemory request was completed. (0x12B)
[0604/200941.023:ERROR:process_memory_win.cc(73)] ReadMemory at 0x470a00 of 62 bytes failed: Only part of a ReadProcessMemory or WriteProcessMemory request was completed. (0x12B)
[0604/200941.023:ERROR:process_memory_win.cc(73)] ReadMemory at 0x470a50 of 62 bytes failed: Only part of a ReadProcessMemory or WriteProcessMemory request was completed. (0x12B)
[0604/200941.024:ERROR:process_memory_win.cc(73)] ReadMemory at 0x470aa0 of 58 bytes failed: Only part of a ReadProcessMemory or WriteProcessMemory request was completed. (0x12B)
[0604/200941.024:ERROR:process_memory_win.cc(73)] ReadMemory at 0x470af0 of 60 bytes failed: Only part of a ReadProcessMemory or WriteProcessMemory request was completed. (0x12B)
[0604/200941.024:ERROR:process_memory_win.cc(73)] ReadMemory at 0x470b40 of 58 bytes failed: Only part of a ReadProcessMemory or WriteProcessMemory request was completed. (0x12B)
[0604/200941.024:ERROR:process_memory_win.cc(73)] ReadMemory at 0x470b90 of 64 bytes failed: Only part of a ReadProcessMemory or WriteProcessMemory request was completed. (0x12B)
[0604/200941.024:ERROR:process_memory_win.cc(73)] ReadMemory at 0x470be0 of 62 bytes failed: Only part of a ReadProcessMemory or WriteProcessMemory request was completed. (0x12B)
[0604/200941.025:ERROR:process_memory_win.cc(73)] ReadMemory at 0x470c30 of 60 bytes failed: Only part of a ReadProcessMemory or WriteProcessMemory request was completed. (0x12B)
[0604/200941.025:ERROR:process_memory_win.cc(73)] ReadMemory at 0x470c80 of 58 bytes failed: Only part of a ReadProcessMemory or WriteProcessMemory request was completed. (0x12B)
[0604/200941.025:ERROR:process_memory_win.cc(73)] ReadMemory at 0x470cd0 of 62 bytes failed: Only part of a ReadProcessMemory or WriteProcessMemory request was completed. (0x12B)
[0604/200941.025:ERROR:process_memory_win.cc(73)] ReadMemory at 0x470d20 of 62 bytes failed: Only part of a ReadProcessMemory or WriteProcessMemory request was completed. (0x12B)
[0604/200941.025:ERROR:process_memory_win.cc(73)] ReadMemory at 0x470d70 of 60 bytes failed: Only part of a ReadProcessMemory or WriteProcessMemory request was completed. (0x12B)
[0604/200941.025:ERROR:process_memory_win.cc(73)] ReadMemory at 0x470dc0 of 58 bytes failed: Only part of a ReadProcessMemory or WriteProcessMemory request was completed. (0x12B)
[0604/200941.026:ERROR:process_memory_win.cc(73)] ReadMemory at 0x470e10 of 58 bytes failed: Only part of a ReadProcessMemory or WriteProcessMemory request was completed. (0x12B)
[0604/200941.026:ERROR:process_memory_win.cc(73)] ReadMemory at 0x470e60 of 64 bytes failed: Only part of a ReadProcessMemory or WriteProcessMemory request was completed. (0x12B)
[0604/200941.026:ERROR:process_memory_win.cc(73)] ReadMemory at 0x470eb0 of 60 bytes failed: Only part of a ReadProcessMemory or WriteProcessMemory request was completed. (0x12B)
[0604/200941.026:ERROR:process_memory_win.cc(73)] ReadMemory at 0x470f00 of 58 bytes failed: Only part of a ReadProcessMemory or WriteProcessMemory request was completed. (0x12B)
[0604/200941.026:ERROR:process_memory_win.cc(73)] ReadMemory at 0x470f50 of 64 bytes failed: Only part of a ReadProcessMemory or WriteProcessMemory request was completed. (0x12B)
[0604/200941.027:ERROR:process_memory_win.cc(73)] ReadMemory at 0x470fa0 of 60 bytes failed: Only part of a ReadProcessMemory or WriteProcessMemory request was completed. (0x12B)
[0604/200941.027:ERROR:process_memory_win.cc(73)] ReadMemory at 0x470ff0 of 58 bytes failed: Only part of a ReadProcessMemory or WriteProcessMemory request was completed. (0x12B)
[0604/200941.027:ERROR:process_memory_win.cc(73)] ReadMemory at 0x471040 of 64 bytes failed: Only part of a ReadProcessMemory or WriteProcessMemory request was completed. (0x12B)
[0604/200941.027:ERROR:process_memory_win.cc(73)] ReadMemory at 0x471090 of 64 bytes failed: Only part of a ReadProcessMemory or WriteProcessMemory request was completed. (0x12B)
[0604/200941.059:ERROR:process_memory_win.cc(73)] ReadMemory at 0x4710e0 of 62 bytes failed: Only part of a ReadProcessMemory or WriteProcessMemory request was completed. (0x12B)
[0604/200941.059:ERROR:process_memory_win.cc(73)] ReadMemory at 0x471130 of 60 bytes failed: Only part of a ReadProcessMemory or WriteProcessMemory request was completed. (0x12B)
[0604/200941.143:ERROR:process_memory_win.cc(73)] ReadMemory at 0x471180 of 60 bytes failed: Only part of a ReadProcessMemory or WriteProcessMemory request was completed. (0x12B)
[0604/200941.207:ERROR:process_memory_win.cc(73)] ReadMemory at 0x4711d0 of 56 bytes failed: Only part of a ReadProcessMemory or WriteProcessMemory request was completed. (0x12B)
[0604/200941.208:ERROR:process_memory_win.cc(73)] ReadMemory at 0x471220 of 60 bytes failed: Only part of a ReadProcessMemory or WriteProcessMemory request was completed. (0x12B)
[0604/200941.208:ERROR:process_memory_win.cc(73)] ReadMemory at 0x471270 of 64 bytes failed: Only part of a ReadProcessMemory or WriteProcessMemory request was completed. (0x12B)
[0604/200941.208:ERROR:process_memory_win.cc(73)] ReadMemory at 0x4712c0 of 62 bytes failed: Only part of a ReadProcessMemory or WriteProcessMemory request was completed. (0x12B)
[0604/200941.208:ERROR:process_memory_win.cc(73)] ReadMemory at 0x471310 of 64 bytes failed: Only part of a ReadProcessMemory or WriteProcessMemory request was completed. (0x12B)
[0604/200941.208:ERROR:process_memory_win.cc(73)] ReadMemory at 0x471360 of 62 bytes failed: Only part of a ReadProcessMemory or WriteProcessMemory request was completed. (0x12B)
[0604/200941.248:ERROR:process_memory_win.cc(73)] ReadMemory at 0x4713b0 of 58 bytes failed: Only part of a ReadProcessMemory or WriteProcessMemory request was completed. (0x12B)
[0604/200941.248:ERROR:process_memory_win.cc(73)] ReadMemory at 0x471400 of 60 bytes failed: Only part of a ReadProcessMemory or WriteProcessMemory request was completed. (0x12B)
[0604/200941.313:ERROR:process_memory_win.cc(73)] ReadMemory at 0x471450 of 64 bytes failed: Only part of a ReadProcessMemory or WriteProcessMemory request was completed. (0x12B)
[0604/200941.347:ERROR:process_memory_win.cc(73)] ReadMemory at 0x4714a0 of 64 bytes failed: Only part of a ReadProcessMemory or WriteProcessMemory request was completed. (0x12B)
[0604/200941.348:ERROR:process_memory_win.cc(73)] ReadMemory at 0x471540 of 62 bytes failed: Only part of a ReadProcessMemory or WriteProcessMemory request was completed. (0x12B)
[0604/200941.348:ERROR:process_memory_win.cc(73)] ReadMemory at 0x471590 of 62 bytes failed: Only part of a ReadProcessMemory or WriteProcessMemory request was completed. (0x12B)
[0604/200941.399:ERROR:process_memory_win.cc(73)] ReadMemory at 0x4715e0 of 62 bytes failed: Only part of a ReadProcessMemory or WriteProcessMemory request was completed. (0x12B)
[0604/200941.400:ERROR:process_memory_win.cc(73)] ReadMemory at 0x471b40 of 132 bytes failed: Only part of a ReadProcessMemory or WriteProcessMemory request was completed. (0x12B)
[0604/200941.400:ERROR:process_memory_win.cc(73)] ReadMemory at 0x471c30 of 80 bytes failed: Only part of a ReadProcessMemory or WriteProcessMemory request was completed. (0x12B)
[0604/200941.400:ERROR:process_memory_win.cc(73)] ReadMemory at 0x471d40 of 154 bytes failed: Only part of a ReadProcessMemory or WriteProcessMemory request was completed. (0x12B)
[0604/200941.400:ERROR:process_memory_win.cc(73)] ReadMemory at 0x4722a0 of 132 bytes failed: Only part of a ReadProcessMemory or WriteProcessMemory request was completed. (0x12B)
[0604/200941.401:ERROR:process_memory_win.cc(73)] ReadMemory at 0x472970 of 132 bytes failed: Only part of a ReadProcessMemory or WriteProcessMemory request was completed. (0x12B)
[0604/200941.401:ERROR:process_memory_win.cc(73)] ReadMemory at 0x472a60 of 132 bytes failed: Only part of a ReadProcessMemory or WriteProcessMemory request was completed. (0x12B)
[0604/200941.438:ERROR:process_memory_win.cc(73)] ReadMemory at 0x473350 of 132 bytes failed: Only part of a ReadProcessMemory or WriteProcessMemory request was completed. (0x12B)
[0604/200941.546:ERROR:process_memory_win.cc(73)] ReadMemory at 0x473440 of 132 bytes failed: Only part of a ReadProcessMemory or WriteProcessMemory request was completed. (0x12B)
[0604/200941.613:ERROR:process_memory_win.cc(73)] ReadMemory at 0x473530 of 132 bytes failed: Only part of a ReadProcessMemory or WriteProcessMemory request was completed. (0x12B)
[0604/200941.613:ERROR:process_memory_win.cc(73)] ReadMemory at 0x473620 of 132 bytes failed: Only part of a ReadProcessMemory or WriteProcessMemory request was completed. (0x12B)
[0604/200941.613:ERROR:process_memory_win.cc(73)] ReadMemory at 0x473710 of 132 bytes failed: Only part of a ReadProcessMemory or WriteProcessMemory request was completed. (0x12B)
[0604/200941.613:ERROR:process_memory_win.cc(73)] ReadMemory at 0x473800 of 132 bytes failed: Only part of a ReadProcessMemory or WriteProcessMemory request was completed. (0x12B)
[0604/200941.614:ERROR:process_memory_win.cc(73)] ReadMemory at 0x4738f0 of 132 bytes failed: Only part of a ReadProcessMemory or WriteProcessMemory request was completed. (0x12B)
[0604/200941.614:ERROR:process_memory_win.cc(73)] ReadMemory at 0x473a60 of 104 bytes failed: Only part of a ReadProcessMemory or WriteProcessMemory request was completed. (0x12B)
[0604/200941.614:ERROR:process_memory_win.cc(73)] ReadMemory at 0x474000 of 132 bytes failed: Only part of a ReadProcessMemory or WriteProcessMemory request was completed. (0x12B)
[0604/200941.614:ERROR:process_memory_win.cc(73)] ReadMemory at 0x4740f0 of 132 bytes failed: Only part of a ReadProcessMemory or WriteProcessMemory request was completed. (0x12B)
[0604/200941.615:ERROR:process_memory_win.cc(73)] ReadMemory at 0x4741e0 of 132 bytes failed: Only part of a ReadProcessMemory or WriteProcessMemory request was completed. (0x12B)
[0604/200941.615:ERROR:process_memory_win.cc(73)] ReadMemory at 0x4742d0 of 132 bytes failed: Only part of a ReadProcessMemory or WriteProcessMemory request was completed. (0x12B)
[0604/200941.663:ERROR:process_memory_win.cc(73)] ReadMemory at 0x4743c0 of 132 bytes failed: Only part of a ReadProcessMemory or WriteProcessMemory request was completed. (0x12B)
[0604/200941.664:ERROR:process_memory_win.cc(73)] ReadMemory at 0x4744b0 of 132 bytes failed: Only part of a ReadProcessMemory or WriteProcessMemory request was completed. (0x12B)
[0604/200941.664:ERROR:process_memory_win.cc(73)] ReadMemory at 0x4745a0 of 132 bytes failed: Only part of a ReadProcessMemory or WriteProcessMemory request was completed. (0x12B)
[0604/200941.757:ERROR:process_memory_win.cc(73)] ReadMemory at 0x474690 of 132 bytes failed: Only part of a ReadProcessMemory or WriteProcessMemory request was completed. (0x12B)
[0604/200941.757:ERROR:process_memory_win.cc(73)] ReadMemory at 0x474780 of 132 bytes failed: Only part of a ReadProcessMemory or WriteProcessMemory request was completed. (0x12B)
[0604/200941.757:ERROR:process_memory_win.cc(73)] ReadMemory at 0x474870 of 132 bytes failed: Only part of a ReadProcessMemory or WriteProcessMemory request was completed. (0x12B)
[0604/200941.757:ERROR:process_memory_win.cc(73)] ReadMemory at 0x474960 of 132 bytes failed: Only part of a ReadProcessMemory or WriteProcessMemory request was completed. (0x12B)
[0604/200941.758:ERROR:process_memory_win.cc(73)] ReadMemory at 0x474a50 of 132 bytes failed: Only part of a ReadProcessMemory or WriteProcessMemory request was completed. (0x12B)
[0604/200941.758:ERROR:process_memory_win.cc(73)] ReadMemory at 0x474b40 of 132 bytes failed: Only part of a ReadProcessMemory or WriteProcessMemory request was completed. (0x12B)
[0604/200941.758:ERROR:process_memory_win.cc(73)] ReadMemory at 0x474c30 of 132 bytes failed: Only part of a ReadProcessMemory or WriteProcessMemory request was completed. (0x12B)
[0604/200941.758:ERROR:process_memory_win.cc(73)] ReadMemory at 0x474d20 of 132 bytes failed: Only part of a ReadProcessMemory or WriteProcessMemory request was completed. (0x12B)
[0604/200941.759:ERROR:process_memory_win.cc(73)] ReadMemory at 0x474e10 of 132 bytes failed: Only part of a ReadProcessMemory or WriteProcessMemory request was completed. (0x12B)
[0604/200941.759:ERROR:process_memory_win.cc(73)] ReadMemory at 0x474f00 of 132 bytes failed: Only part of a ReadProcessMemory or WriteProcessMemory request was completed. (0x12B)
[0604/200941.759:ERROR:process_memory_win.cc(73)] ReadMemory at 0x474ff0 of 132 bytes failed: Only part of a ReadProcessMemory or WriteProcessMemory request was completed. (0x12B)
[0604/200941.806:ERROR:process_memory_win.cc(73)] ReadMemory at 0x4750e0 of 132 bytes failed: Only part of a ReadProcessMemory or WriteProcessMemory request was completed. (0x12B)
[0604/200941.849:ERROR:process_memory_win.cc(73)] ReadMemory at 0x4751d0 of 132 bytes failed: Only part of a ReadProcessMemory or WriteProcessMemory request was completed. (0x12B)
[0604/200941.868:ERROR:process_memory_win.cc(73)] ReadMemory at 0x4752c0 of 132 bytes failed: Only part of a ReadProcessMemory or WriteProcessMemory request was completed. (0x12B)
[0604/200941.869:ERROR:process_memory_win.cc(73)] ReadMemory at 0x4753b0 of 132 bytes failed: Only part of a ReadProcessMemory or WriteProcessMemory request was completed. (0x12B)
[0604/200941.869:ERROR:process_memory_win.cc(73)] ReadMemory at 0x4754a0 of 132 bytes failed: Only part of a ReadProcessMemory or WriteProcessMemory request was completed. (0x12B)
[0604/200941.891:ERROR:process_memory_win.cc(73)] ReadMemory at 0x475590 of 132 bytes failed: Only part of a ReadProcessMemory or WriteProcessMemory request was completed. (0x12B)
[0604/200941.891:ERROR:process_memory_win.cc(73)] ReadMemory at 0x475680 of 132 bytes failed: Only part of a ReadProcessMemory or WriteProcessMemory request was completed. (0x12B)
[0604/200941.911:ERROR:process_memory_win.cc(73)] ReadMemory at 0x475770 of 132 bytes failed: Only part of a ReadProcessMemory or WriteProcessMemory request was completed. (0x12B)
[0604/200941.911:ERROR:process_memory_win.cc(73)] ReadMemory at 0x475860 of 132 bytes failed: Only part of a ReadProcessMemory or WriteProcessMemory request was completed. (0x12B)
[0604/200941.911:ERROR:process_memory_win.cc(73)] ReadMemory at 0x475950 of 132 bytes failed: Only part of a ReadProcessMemory or WriteProcessMemory request was completed. (0x12B)
[0604/200941.912:ERROR:process_memory_win.cc(73)] ReadMemory at 0x475a40 of 132 bytes failed: Only part of a ReadProcessMemory or WriteProcessMemory request was completed. (0x12B)
[0604/200941.912:ERROR:process_memory_win.cc(73)] ReadMemory at 0x475b30 of 132 bytes failed: Only part of a ReadProcessMemory or WriteProcessMemory request was completed. (0x12B)
[0604/200941.912:ERROR:process_memory_win.cc(73)] ReadMemory at 0x475c20 of 132 bytes failed: Only part of a ReadProcessMemory or WriteProcessMemory request was completed. (0x12B)
[0604/200941.912:ERROR:process_memory_win.cc(73)] ReadMemory at 0x475d10 of 132 bytes failed: Only part of a ReadProcessMemory or WriteProcessMemory request was completed. (0x12B)
[0604/200941.912:ERROR:process_memory_win.cc(73)] ReadMemory at 0x475e00 of 132 bytes failed: Only part of a ReadProcessMemory or WriteProcessMemory request was completed. (0x12B)
[0604/200941.912:ERROR:process_memory_win.cc(73)] ReadMemory at 0x47ee00 of 54 bytes failed: Only part of a ReadProcessMemory or WriteProcessMemory request was completed. (0x12B)
[0604/200941.913:ERROR:process_memory_win.cc(73)] ReadMemory at 0x4813e0 of 158 bytes failed: Only part of a ReadProcessMemory or WriteProcessMemory request was completed. (0x12B)
[0604/200941.913:ERROR:process_memory_win.cc(73)] ReadMemory at 0x4835a0 of 114 bytes failed: Only part of a ReadProcessMemory or WriteProcessMemory request was completed. (0x12B)
[0604/200941.913:ERROR:process_memory_win.cc(73)] ReadMemory at 0x483620 of 118 bytes failed: Only part of a ReadProcessMemory or WriteProcessMemory request was completed. (0x12B)
[0604/200941.913:ERROR:process_memory_win.cc(73)] ReadMemory at 0x4836a0 of 120 bytes failed: Only part of a ReadProcessMemory or WriteProcessMemory request was completed. (0x12B)
[0604/200941.913:ERROR:process_memory_win.cc(73)] ReadMemory at 0x483730 of 116 bytes failed: Only part of a ReadProcessMemory or WriteProcessMemory request was completed. (0x12B)
[0604/200941.913:ERROR:process_memory_win.cc(73)] ReadMemory at 0x4837d0 of 248 bytes failed: Only part of a ReadProcessMemory or WriteProcessMemory request was completed. (0x12B)
[0604/200941.914:ERROR:process_memory_win.cc(73)] ReadMemory at 0x483910 of 132 bytes failed: Only part of a ReadProcessMemory or WriteProcessMemory request was completed. (0x12B)
[0604/200941.914:ERROR:process_memory_win.cc(73)] ReadMemory at 0x483a00 of 132 bytes failed: Only part of a ReadProcessMemory or WriteProcessMemory request was completed. (0x12B)
[0604/200941.914:ERROR:process_memory_win.cc(73)] ReadMemory at 0x483af0 of 132 bytes failed: Only part of a ReadProcessMemory or WriteProcessMemory request was completed. (0x12B)
[0604/200941.914:ERROR:process_memory_win.cc(73)] ReadMemory at 0x483be0 of 132 bytes failed: Only part of a ReadProcessMemory or WriteProcessMemory request was completed. (0x12B)
[0604/200941.914:ERROR:process_memory_win.cc(73)] ReadMemory at 0x483cd0 of 132 bytes failed: Only part of a ReadProcessMemory or WriteProcessMemory request was completed. (0x12B)
[0604/200941.915:ERROR:process_memory_win.cc(73)] ReadMemory at 0x483dc0 of 132 bytes failed: Only part of a ReadProcessMemory or WriteProcessMemory request was completed. (0x12B)
[0604/200941.915:ERROR:process_memory_win.cc(73)] ReadMemory at 0x483eb0 of 132 bytes failed: Only part of a ReadProcessMemory or WriteProcessMemory request was completed. (0x12B)
[0604/200941.915:ERROR:process_memory_win.cc(73)] ReadMemory at 0x483fa0 of 132 bytes failed: Only part of a ReadProcessMemory or WriteProcessMemory request was completed. (0x12B)
[0604/200941.915:ERROR:process_memory_win.cc(73)] ReadMemory at 0x484090 of 132 bytes failed: Only part of a ReadProcessMemory or WriteProcessMemory request was completed. (0x12B)
[0604/200941.978:ERROR:process_memory_win.cc(73)] ReadMemory at 0x484180 of 132 bytes failed: Only part of a ReadProcessMemory or WriteProcessMemory request was completed. (0x12B)
[0604/200941.978:ERROR:process_memory_win.cc(73)] ReadMemory at 0x4843d0 of 512 bytes failed: Only part of a ReadProcessMemory or WriteProcessMemory request was completed. (0x12B)
[0604/200941.978:ERROR:process_memory_win.cc(73)] ReadMemory at 0x485ce0 of 118 bytes failed: Only part of a ReadProcessMemory or WriteProcessMemory request was completed. (0x12B)
[0604/200941.978:ERROR:process_memory_win.cc(73)] ReadMemory at 0x485d60 of 120 bytes failed: Only part of a ReadProcessMemory or WriteProcessMemory request was completed. (0x12B)
[0604/200941.979:ERROR:process_memory_win.cc(73)] ReadMemory at 0x486920 of 64 bytes failed: Only part of a ReadProcessMemory or WriteProcessMemory request was completed. (0x12B)
[0604/200941.979:ERROR:process_memory_win.cc(73)] ReadMemory at 0x4a3070 of 592 bytes failed: Only part of a ReadProcessMemory or WriteProcessMemory request was completed. (0x12B)
[0604/200941.979:ERROR:process_memory_win.cc(73)] ReadMemory at 0x704300 of 512 bytes failed: Only part of a ReadProcessMemory or WriteProcessMemory request was completed. (0x12B)
[0604/200941.979:ERROR:process_memory_win.cc(73)] ReadMemory at 0xdb8f50 of 512 bytes failed: Only part of a ReadProcessMemory or WriteProcessMemory request was completed. (0x12B)
[0604/200941.980:ERROR:process_memory_win.cc(73)] ReadMemory at 0x2b11c90 of 512 bytes failed: Only part of a ReadProcessMemory or WriteProcessMemory request was completed. (0x12B)
[0604/200941.980:ERROR:process_memory_win.cc(73)] ReadMemory at 0x2b16d60 of 512 bytes failed: Only part of a ReadProcessMemory or WriteProcessMemory request was completed. (0x12B)
[0604/200941.980:ERROR:process_memory_win.cc(73)] ReadMemory at 0x2b51990 of 512 bytes failed: Only part of a ReadProcessMemory or WriteProcessMemory request was completed. (0x12B)
[0604/200941.982:ERROR:process_memory_win.cc(73)] ReadMemory at 0x2b51d30 of 528 bytes failed: Only part of a ReadProcessMemory or WriteProcessMemory request was completed. (0x12B)
[0604/200941.982:ERROR:process_memory_win.cc(73)] ReadMemory at 0x2b57230 of 512 bytes failed: Only part of a ReadProcessMemory or WriteProcessMemory request was completed. (0x12B)
[0604/200942.012:ERROR:process_memory_win.cc(73)] ReadMemory at 0x2b792c0 of 512 bytes failed: Only part of a ReadProcessMemory or WriteProcessMemory request was completed. (0x12B)
[0604/200942.012:ERROR:process_memory_win.cc(73)] ReadMemory at 0x77627bc8 of 18 bytes failed: Only part of a ReadProcessMemory or WriteProcessMemory request was completed. (0x12B)
[0604/200942.012:ERROR:process_memory_win.cc(73)] ReadMemory at 0x7762a6c8 of 576 bytes failed: Only part of a ReadProcessMemory or WriteProcessMemory request was completed. (0x12B)
[0604/200942.013:ERROR:process_memory_win.cc(73)] ReadMemory at 0x7762a928 of 672 bytes failed: Only part of a ReadProcessMemory or WriteProcessMemory request was completed. (0x12B)
[0604/200942.013:ERROR:process_memory_win.cc(73)] ReadMemory at 0x77633160 of 512 bytes failed: Only part of a ReadProcessMemory or WriteProcessMemory request was completed. (0x12B)
[0604/200942.013:ERROR:process_memory_win.cc(73)] ReadMemory at 0x7768984a of 592 bytes failed: Only part of a ReadProcessMemory or WriteProcessMemory request was completed. (0x12B)
[0604/200942.014:ERROR:process_memory_win.cc(73)] ReadMemory at 0x77689dba of 512 bytes failed: Only part of a ReadProcessMemory or WriteProcessMemory request was completed. (0x12B)
[0604/200942.014:ERROR:process_memory_win.cc(73)] ReadMemory at 0x7768b10a of 512 bytes failed: Only part of a ReadProcessMemory or WriteProcessMemory request was completed. (0x12B)
[0604/200942.014:ERROR:process_memory_win.cc(73)] ReadMemory at 0x77719360 of 512 bytes failed: Only part of a ReadProcessMemory or WriteProcessMemory request was completed. (0x12B)
[0604/200942.014:ERROR:process_memory_win.cc(73)] ReadMemory at 0x777480d8 of 40 bytes failed: Only part of a ReadProcessMemory or WriteProcessMemory request was completed. (0x12B)
[0604/200942.015:ERROR:process_memory_win.cc(73)] ReadMemory at 0x77752dc0 of 48 bytes failed: Only part of a ReadProcessMemory or WriteProcessMemory request was completed. (0x12B)
[0604/200942.015:ERROR:process_memory_win.cc(73)] ReadMemory at 0x77752e40 of 64 bytes failed: Only part of a ReadProcessMemory or WriteProcessMemory request was completed. (0x12B)
[0604/200942.015:ERROR:process_memory_win.cc(73)] ReadMemory at 0x2661f673f98 of 512 bytes failed: Only part of a ReadProcessMemory or WriteProcessMemory request was completed. (0x12B)
[0604/200942.015:ERROR:process_memory_win.cc(73)] ReadMemory at 0x7fed4139709 of 512 bytes failed: Only part of a ReadProcessMemory or WriteProcessMemory request was completed. (0x12B)
[0604/200942.016:ERROR:process_memory_win.cc(73)] ReadMemory at 0x7fed613409c of 512 bytes failed: Only part of a ReadProcessMemory or WriteProcessMemory request was completed. (0x12B)
[0604/200942.016:ERROR:process_memory_win.cc(73)] ReadMemory at 0x7fed969c2e8 of 512 bytes failed: Only part of a ReadProcessMemory or WriteProcessMemory request was completed. (0x12B)
[0604/200942.016:ERROR:process_memory_win.cc(73)] ReadMemory at 0x7fed96a3ff0 of 512 bytes failed: Only part of a ReadProcessMemory or WriteProcessMemory request was completed. (0x12B)
[0604/200942.016:ERROR:process_memory_win.cc(73)] ReadMemory at 0x7fee766e6ee of 512 bytes failed: Only part of a ReadProcessMemory or WriteProcessMemory request was completed. (0x12B)
[0604/200942.016:ERROR:process_memory_win.cc(73)] ReadMemory at 0x7fee766f888 of 512 bytes failed: Only part of a ReadProcessMemory or WriteProcessMemory request was completed. (0x12B)
[0604/200942.019:ERROR:process_memory_win.cc(73)] ReadMemory at 0x7fffffa8000 of 6024 bytes failed: Only part of a ReadProcessMemory or WriteProcessMemory request was completed. (0x12B)
[0604/200942.019:ERROR:process_memory_win.cc(73)] ReadMemory at 0x7fffffaa000 of 6024 bytes failed: Only part of a ReadProcessMemory or WriteProcessMemory request was completed. (0x12B)
[0604/200942.020:ERROR:process_memory_win.cc(73)] ReadMemory at 0x7fffffac000 of 6024 bytes failed: Only part of a ReadProcessMemory or WriteProcessMemory request was completed. (0x12B)
[0604/200942.020:ERROR:process_memory_win.cc(73)] ReadMemory at 0x7fffffae000 of 6024 bytes failed: Only part of a ReadProcessMemory or WriteProcessMemory request was completed. (0x12B)
[0604/200942.020:ERROR:process_memory_win.cc(73)] ReadMemory at 0x7fffffd4000 of 6024 bytes failed: Only part of a ReadProcessMemory or WriteProcessMemory request was completed. (0x12B)
[0604/200942.020:ERROR:process_memory_win.cc(73)] ReadMemory at 0x7fffffd6000 of 6024 bytes failed: Only part of a ReadProcessMemory or WriteProcessMemory request was completed. (0x12B)
[0604/200942.021:ERROR:process_memory_win.cc(73)] ReadMemory at 0x7fffffd8000 of 852 bytes failed: Only part of a ReadProcessMemory or WriteProcessMemory request was completed. (0x12B)
[0604/200942.021:ERROR:process_memory_win.cc(73)] ReadMemory at 0x7fffffda000 of 6024 bytes failed: Only part of a ReadProcessMemory or WriteProcessMemory request was completed. (0x12B)
[0604/200942.021:ERROR:process_memory_win.cc(73)] ReadMemory at 0x7fffffdc000 of 6024 bytes failed: Only part of a ReadProcessMemory or WriteProcessMemory request was completed. (0x12B)
[0604/200942.022:ERROR:process_memory_win.cc(73)] ReadMemory at 0x7fffffde000 of 6024 bytes failed: Only part of a ReadProcessMemory or WriteProcessMemory request was completed. (0x12B)
[0604/200942.332:ERROR:scoped_process_suspend.cc(40)] NtResumeProcess: An attempt was made to access an exiting process. (0xc000010a)
